<?xml version="1.0" encoding="UTF-8"?>
<!-- Generated by org.testng.reporters.JUnitReportReporter -->
<testsuite skipped="0" hostname="DESKTOP-21K5A9E" name="com.TestRunner.LaunchApplication" tests="1" failures="0" timestamp="04 Aug 2019 10:20:31 GMT" time="43.367" errors="0">
  <testcase name="exexutemethod" time="43.367" classname="com.TestRunner.LaunchApplication"/>
</testsuite> <!-- com.TestRunner.LaunchApplication -->
